app/build/intermediates/manifest_merge_blame_file/debug/processDebugMainManifest/manifest-merger-blame-debug-report.txt
1<?xml version="1.0" encoding="utf-8"?>
2<manifest xmlns:android="http://schemas.android.com/apk/res/android"
3    package="com.gostudios.console.vr"
4    android:versionCode="100"
5    android:versionName="1.0.0" >
6
7    <uses-sdk
8        android:minSdkVersion="24"
9        android:targetSdkVersion="35" />
10
11    <uses-permission android:name="android.permission.BLUETOOTH" />
11-->src\main\AndroidManifest.xml:4:5-68
11-->src\main\AndroidManifest.xml:4:22-65
12    <uses-permission android:name="android.permission.BLUETOOTH_ADMIN" />
12-->src\main\AndroidManifest.xml:5:5-74
12-->src\main\AndroidManifest.xml:5:22-71
13    <uses-permission android:name="android.permission.BLUETOOTH_CONNECT" />
13-->src\main\AndroidManifest.xml:6:5-76
13-->src\main\AndroidManifest.xml:6:22-73
14    <uses-permission android:name="android.permission.BLUETOOTH_SCAN" />
14-->src\main\AndroidManifest.xml:7:5-73
14-->src\main\AndroidManifest.xml:7:22-70
15    <uses-permission android:name="android.permission.VIBRATE" />
15-->src\main\AndroidManifest.xml:8:5-66
15-->src\main\AndroidManifest.xml:8:22-63
16    <uses-permission android:name="android.permission.INTERNET" />
16-->src\main\AndroidManifest.xml:9:5-67
16-->src\main\AndroidManifest.xml:9:22-64
17
18    <uses-feature
18-->src\main\AndroidManifest.xml:11:5-94
19        android:name="android.hardware.sensor.gyroscope"
19-->src\main\AndroidManifest.xml:11:19-67
20        android:required="true" />
20-->src\main\AndroidManifest.xml:11:68-91
21    <uses-feature
21-->src\main\AndroidManifest.xml:12:5-98
22        android:name="android.hardware.sensor.accelerometer"
22-->src\main\AndroidManifest.xml:12:19-71
23        android:required="true" />
23-->src\main\AndroidManifest.xml:12:72-95
24    <uses-feature
24-->src\main\AndroidManifest.xml:13:5-88
25        android:name="android.hardware.bluetooth"
25-->src\main\AndroidManifest.xml:13:19-60
26        android:required="false" />
26-->src\main\AndroidManifest.xml:13:61-85
27    <uses-feature
27-->src\main\AndroidManifest.xml:14:5-86
28        android:name="android.hardware.gamepad"
28-->src\main\AndroidManifest.xml:14:19-58
29        android:required="false" />
29-->src\main\AndroidManifest.xml:14:59-83
30
31    <permission
31-->[androidx.core:core:1.13.1] AndroidManifest.xml:22:5-24:47
32        android:name="com.gostudios.console.vr.DYNAMIC_RECEIVER_NOT_EXPORTED_PERMISSION"
32-->[androidx.core:core:1.13.1] AndroidManifest.xml:23:9-81
33        android:protectionLevel="signature" />
33-->[androidx.core:core:1.13.1] AndroidManifest.xml:24:9-44
34
35    <uses-permission android:name="com.gostudios.console.vr.DYNAMIC_RECEIVER_NOT_EXPORTED_PERMISSION" />
35-->[androidx.core:core:1.13.1] AndroidManifest.xml:26:5-97
35-->[androidx.core:core:1.13.1] AndroidManifest.xml:26:22-94
36
37    <application
37-->src\main\AndroidManifest.xml:16:5-50:19
38        android:allowBackup="true"
38-->src\main\AndroidManifest.xml:17:9-35
39        android:appComponentFactory="androidx.core.app.CoreComponentFactory"
39-->[androidx.core:core:1.13.1] AndroidManifest.xml:28:18-86
40        android:debuggable="true"
41        android:extractNativeLibs="false"
42        android:hardwareAccelerated="true"
42-->src\main\AndroidManifest.xml:22:9-43
43        android:icon="@drawable/ic_launcher"
43-->src\main\AndroidManifest.xml:18:9-45
44        android:label="GoConsole VR"
44-->src\main\AndroidManifest.xml:19:9-37
45        android:supportsRtl="true"
45-->src\main\AndroidManifest.xml:21:9-35
46        android:theme="@style/Theme.GoConsoleVR" >
46-->src\main\AndroidManifest.xml:20:9-49
47        <activity
47-->src\main\AndroidManifest.xml:24:9-34:20
48            android:name="com.gostudios.console.vr.MainActivity"
48-->src\main\AndroidManifest.xml:25:13-41
49            android:configChanges="orientation|screenSize|keyboardHidden"
49-->src\main\AndroidManifest.xml:28:13-74
50            android:exported="true"
50-->src\main\AndroidManifest.xml:26:13-36
51            android:screenOrientation="landscape"
51-->src\main\AndroidManifest.xml:27:13-50
52            android:theme="@style/Theme.GoConsoleVR.Fullscreen" >
52-->src\main\AndroidManifest.xml:29:13-64
53            <intent-filter>
53-->src\main\AndroidManifest.xml:30:13-33:29
54                <action android:name="android.intent.action.MAIN" />
54-->src\main\AndroidManifest.xml:31:17-69
54-->src\main\AndroidManifest.xml:31:25-66
55
56                <category android:name="android.intent.category.LAUNCHER" />
56-->src\main\AndroidManifest.xml:32:17-77
56-->src\main\AndroidManifest.xml:32:27-74
57            </intent-filter>
58        </activity>
59        <activity
59-->src\main\AndroidManifest.xml:36:9-41:67
60            android:name="com.gostudios.console.vr.vr.VRActivity"
60-->src\main\AndroidManifest.xml:37:13-42
61            android:configChanges="orientation|screenSize|keyboardHidden"
61-->src\main\AndroidManifest.xml:40:13-74
62            android:exported="false"
62-->src\main\AndroidManifest.xml:38:13-37
63            android:screenOrientation="landscape"
63-->src\main\AndroidManifest.xml:39:13-50
64            android:theme="@style/Theme.GoConsoleVR.Fullscreen" />
64-->src\main\AndroidManifest.xml:41:13-64
65        <activity
65-->src\main\AndroidManifest.xml:43:9-48:67
66            android:name="com.gostudios.console.vr.vr.games.GameActivity"
66-->src\main\AndroidManifest.xml:44:13-50
67            android:configChanges="orientation|screenSize|keyboardHidden"
67-->src\main\AndroidManifest.xml:47:13-74
68            android:exported="false"
68-->src\main\AndroidManifest.xml:45:13-37
69            android:screenOrientation="landscape"
69-->src\main\AndroidManifest.xml:46:13-50
70            android:theme="@style/Theme.GoConsoleVR.Fullscreen" />
70-->src\main\AndroidManifest.xml:48:13-64
71
72        <provider
72-->[androidx.emoji2:emoji2:1.3.0] AndroidManifest.xml:24:9-32:20
73            android:name="androidx.startup.InitializationProvider"
73-->[androidx.emoji2:emoji2:1.3.0] AndroidManifest.xml:25:13-67
74            android:authorities="com.gostudios.console.vr.androidx-startup"
74-->[androidx.emoji2:emoji2:1.3.0] AndroidManifest.xml:26:13-68
75            android:exported="false" >
75-->[androidx.emoji2:emoji2:1.3.0] AndroidManifest.xml:27:13-37
76            <meta-data
76-->[androidx.emoji2:emoji2:1.3.0] AndroidManifest.xml:29:13-31:52
77                android:name="androidx.emoji2.text.EmojiCompatInitializer"
77-->[androidx.emoji2:emoji2:1.3.0] AndroidManifest.xml:30:17-75
78                android:value="androidx.startup" />
78-->[androidx.emoji2:emoji2:1.3.0] AndroidManifest.xml:31:17-49
79            <meta-data
79-->[androidx.lifecycle:lifecycle-process:2.6.2] AndroidManifest.xml:29:13-31:52
80                android:name="androidx.lifecycle.ProcessLifecycleInitializer"
80-->[androidx.lifecycle:lifecycle-process:2.6.2] AndroidManifest.xml:30:17-78
81                android:value="androidx.startup" />
81-->[androidx.lifecycle:lifecycle-process:2.6.2] AndroidManifest.xml:31:17-49
82            <meta-data
82-->[androidx.profileinstaller:profileinstaller:1.3.1] AndroidManifest.xml:29:13-31:52
83                android:name="androidx.profileinstaller.ProfileInstallerInitializer"
83-->[androidx.profileinstaller:profileinstaller:1.3.1] AndroidManifest.xml:30:17-85
84                android:value="androidx.startup" />
84-->[androidx.profileinstaller:profileinstaller:1.3.1] AndroidManifest.xml:31:17-49
85        </provider>
86
87        <receiver
87-->[androidx.profileinstaller:profileinstaller:1.3.1] AndroidManifest.xml:34:9-52:20
88            android:name="androidx.profileinstaller.ProfileInstallReceiver"
88-->[androidx.profileinstaller:profileinstaller:1.3.1] AndroidManifest.xml:35:13-76
89            android:directBootAware="false"
89-->[androidx.profileinstaller:profileinstaller:1.3.1] AndroidManifest.xml:36:13-44
90            android:enabled="true"
90-->[androidx.profileinstaller:profileinstaller:1.3.1] AndroidManifest.xml:37:13-35
91            android:exported="true"
91-->[androidx.profileinstaller:profileinstaller:1.3.1] AndroidManifest.xml:38:13-36
92            android:permission="android.permission.DUMP" >
92-->[androidx.profileinstaller:profileinstaller:1.3.1] AndroidManifest.xml:39:13-57
93            <intent-filter>
93-->[androidx.profileinstaller:profileinstaller:1.3.1] AndroidManifest.xml:40:13-42:29
94                <action android:name="androidx.profileinstaller.action.INSTALL_PROFILE" />
94-->[androidx.profileinstaller:profileinstaller:1.3.1] AndroidManifest.xml:41:17-91
94-->[androidx.profileinstaller:profileinstaller:1.3.1] AndroidManifest.xml:41:25-88
95            </intent-filter>
96            <intent-filter>
96-->[androidx.profileinstaller:profileinstaller:1.3.1] AndroidManifest.xml:43:13-45:29
97                <action android:name="androidx.profileinstaller.action.SKIP_FILE" />
97-->[androidx.profileinstaller:profileinstaller:1.3.1] AndroidManifest.xml:44:17-85
97-->[androidx.profileinstaller:profileinstaller:1.3.1] AndroidManifest.xml:44:25-82
98            </intent-filter>
99            <intent-filter>
99-->[androidx.profileinstaller:profileinstaller:1.3.1] AndroidManifest.xml:46:13-48:29
100                <action android:name="androidx.profileinstaller.action.SAVE_PROFILE" />
100-->[androidx.profileinstaller:profileinstaller:1.3.1] AndroidManifest.xml:47:17-88
100-->[androidx.profileinstaller:profileinstaller:1.3.1] AndroidManifest.xml:47:25-85
101            </intent-filter>
102            <intent-filter>
102-->[androidx.profileinstaller:profileinstaller:1.3.1] AndroidManifest.xml:49:13-51:29
103                <action android:name="androidx.profileinstaller.action.BENCHMARK_OPERATION" />
103-->[androidx.profileinstaller:profileinstaller:1.3.1] AndroidManifest.xml:50:17-95
103-->[androidx.profileinstaller:profileinstaller:1.3.1] AndroidManifest.xml:50:25-92
104            </intent-filter>
105        </receiver>
106    </application>
107
108</manifest>